<?xml version="1.0" encoding="UTF-8"?>
<testsuite xmlns:xsi="http://www.w3.org/2001/XMLSchema-instance" xsi:noNamespaceSchemaLocation="https://maven.apache.org/surefire/maven-surefire-plugin/xsd/surefire-test-report.xsd" name="runner.TestRunner" time="31.61" tests="4" errors="0" skipped="0" failures="0">
  <properties>
[...]
</properties>
  <testcase name="runScenario" classname="runner.TestRunner" time="8.972"/>
  <testcase name="runScenario" classname="runner.TestRunner" time="4.761"/>
  <testcase name="runScenario" classname="runner.TestRunner" time="5.974"/>
  <testcase name="runScenario" classname="runner.TestRunner" time="11.284"/>
</testsuite>