<?xml version="1.0" encoding="UTF-8"?>
<testsuite xmlns:xsi="http://www.w3.org/2001/XMLSchema-instance" xsi:noNamespaceSchemaLocation="https://maven.apache.org/surefire/maven-surefire-plugin/xsd/surefire-test-report.xsd" name="TestSuite" time="0.808" tests="10" errors="0" skipped="0" failures="10">
  <properties>
[...]
</properties>
  <testcase name="runScenario" classname="runner.TestRunnerLogin" time="0.098">
    <failure message="Unable to obtain: chromedriver, error chromedriver must exist: /Users/bytedance/CourseQAAutomation/Web Automation/chromedriver&#10;For documentation on this error, please visit: https://www.selenium.dev/documentation/webdriver/troubleshooting/errors/driver_location/&#10;Build info: version: &apos;4.35.0&apos;, revision: &apos;1c58e5028b&apos;&#10;System info: os.name: &apos;Mac OS X&apos;, os.arch: &apos;aarch64&apos;, os.version: &apos;15.6&apos;, java.version: &apos;24.0.2&apos;&#10;Driver info: driver.version: ChromeDriver" type="org.openqa.selenium.remote.NoSuchDriverException">org.openqa.selenium.remote.NoSuchDriverException: 
Unable to obtain: chromedriver, error chromedriver must exist: /Users/bytedance/CourseQAAutomation/Web Automation/chromedriver
For documentation on this error, please visit: https://www.selenium.dev/documentation/webdriver/troubleshooting/errors/driver_location/
Build info: version: '4.35.0', revision: '1c58e5028b'
System info: os.name: 'Mac OS X', os.arch: 'aarch64', os.version: '15.6', java.version: '24.0.2'
Driver info: driver.version: ChromeDriver
Caused by: java.lang.IllegalStateException: chromedriver must exist: /Users/bytedance/CourseQAAutomation/Web Automation/chromedriver
</failure>
    <system-out><![CDATA[
Scenario: User can checkout product successfully                      &amp#27;[90m# src/test/resources/features/CheckoutScenario.feature:6&amp#27;[0m
Ini setup web automation
      &amp#27;[31morg.openqa.selenium.remote.NoSuchDriverException: Unable to obtain: chromedriver, error chromedriver must exist: /Users/bytedance/CourseQAAutomation/Web Automation/chromedriver
      For documentation on this error, please visit: https://www.selenium.dev/documentation/webdriver/troubleshooting/errors/driver_location/
      Build info: version: '4.35.0', revision: '1c58e5028b'
      System info: os.name: 'Mac OS X', os.arch: 'aarch64', os.version: '15.6', java.version: '24.0.2'
      Driver info: driver.version: ChromeDriver
      	at org.openqa.selenium.remote.service.DriverFinder.getBinaryPaths(DriverFinder.java:124)
      	at org.openqa.selenium.remote.service.DriverFinder.getDriverPath(DriverFinder.java:55)
      	at org.openqa.selenium.chrome.ChromeDriver.generateExecutor(ChromeDriver.java:99)
      	at org.openqa.selenium.chrome.ChromeDriver.<init>(ChromeDriver.java:88)
      	at org.openqa.selenium.chrome.ChromeDriver.<init>(ChromeDriver.java:83)
      	at org.openqa.selenium.chrome.ChromeDriver.<init>(ChromeDriver.java:51)
      	at hook.Hooks.setUp(Hooks.java:38)
      Caused by: java.lang.IllegalStateException: chromedriver must exist: /Users/bytedance/CourseQAAutomation/Web Automation/chromedriver
      	at org.openqa.selenium.internal.Require$PathStateChecker.isExecutable(Require.java:370)
      	at org.openqa.selenium.remote.service.DriverFinder.getBinaryPaths(DriverFinder.java:121)
      	... 6 more&amp#27;[0m
  &amp#27;[36mWhen &amp#27;[0m&amp#27;[36mUser logged in with valid credentials&amp#27;[0m                          &amp#27;[90m# stepdefenitions.StepImpl.user_logged_in_with_valid_credentials()&amp#27;[0m
  &amp#27;[36mThen &amp#27;[0m&amp#27;[36mUser is navigated to the products page&amp#27;[0m                         &amp#27;[90m# stepdefenitions.StepImpl.user_is_navigated_to_the_products_page()&amp#27;[0m
  &amp#27;[36mWhen &amp#27;[0m&amp#27;[36mUser adds a product to the cart &amp#27;[0m&amp#27;[36m&amp#27;[1m"ADIDAS ORIGINAL"&amp#27;[0m              &amp#27;[90m# stepdefenitions.StepImpl.user_adds_a_product_to_the_cart(java.lang.String)&amp#27;[0m
  &amp#27;[36mAnd &amp#27;[0m&amp#27;[36mUser clicks on the cart icon&amp#27;[0m                                    &amp#27;[90m# stepdefenitions.StepImpl.user_clicks_on_the_cart_icon()&amp#27;[0m
  &amp#27;[36mThen &amp#27;[0m&amp#27;[36mUser verify the product is added to the cart &amp#27;[0m&amp#27;[36m&amp#27;[1m"ADIDAS ORIGINAL"&amp#27;[0m &amp#27;[90m# stepdefenitions.StepImpl.user_verify_the_product_is_added_to_the_cart(java.lang.String)&amp#27;[0m
  &amp#27;[36mWhen &amp#27;[0m&amp#27;[36mUser click on the checkout button&amp#27;[0m                              &amp#27;[90m# stepdefenitions.StepImpl.user_click_on_the_checkout_button()&amp#27;[0m
  &amp#27;[36mThen &amp#27;[0m&amp#27;[36mUser is navigated to checkout page&amp#27;[0m                             &amp#27;[90m# stepdefenitions.StepImpl.user_is_navigated_to_checkout_page()&amp#27;[0m
  &amp#27;[36mWhen &amp#27;[0m&amp#27;[36mUser fills in the shipping details&amp#27;[0m                             &amp#27;[90m# stepdefenitions.StepImpl.user_fills_in_the_shipping_details()&amp#27;[0m
  &amp#27;[36mAnd &amp#27;[0m&amp#27;[36mUser click on the Place Order button&amp#27;[0m                            &amp#27;[90m# stepdefenitions.StepImpl.user_click_on_the_place_order_button()&amp#27;[0m
  &amp#27;[36mThen &amp#27;[0m&amp#27;[36mUser verify the order is placed successfully&amp#27;[0m                   &amp#27;[90m# stepdefenitions.StepImpl.user_verify_the_order_is_placed_successfully()&amp#27;[0m
Ini setup after web automation
]]></system-out>
    <system-err><![CDATA[SLF4J(W): No SLF4J providers were found.
SLF4J(W): Defaulting to no-operation (NOP) logger implementation
SLF4J(W): See https://www.slf4j.org/codes.html#noProviders for further details.
]]></system-err>
  </testcase>
  <testcase name="runScenario" classname="runner.TestRunnerLogin" time="0.007">
    <failure message="Unable to obtain: chromedriver, error chromedriver must exist: /Users/bytedance/CourseQAAutomation/Web Automation/chromedriver&#10;For documentation on this error, please visit: https://www.selenium.dev/documentation/webdriver/troubleshooting/errors/driver_location/&#10;Build info: version: &apos;4.35.0&apos;, revision: &apos;1c58e5028b&apos;&#10;System info: os.name: &apos;Mac OS X&apos;, os.arch: &apos;aarch64&apos;, os.version: &apos;15.6&apos;, java.version: &apos;24.0.2&apos;&#10;Driver info: driver.version: ChromeDriver" type="org.openqa.selenium.remote.NoSuchDriverException">org.openqa.selenium.remote.NoSuchDriverException: 
Unable to obtain: chromedriver, error chromedriver must exist: /Users/bytedance/CourseQAAutomation/Web Automation/chromedriver
For documentation on this error, please visit: https://www.selenium.dev/documentation/webdriver/troubleshooting/errors/driver_location/
Build info: version: '4.35.0', revision: '1c58e5028b'
System info: os.name: 'Mac OS X', os.arch: 'aarch64', os.version: '15.6', java.version: '24.0.2'
Driver info: driver.version: ChromeDriver
Caused by: java.lang.IllegalStateException: chromedriver must exist: /Users/bytedance/CourseQAAutomation/Web Automation/chromedriver
</failure>
    <system-out><![CDATA[
Scenario Outline: User can't login with invalid credentials               &amp#27;[90m# src/test/resources/features/CheckoutScenario.feature:24&amp#27;[0m
Ini setup web automation
      &amp#27;[31morg.openqa.selenium.remote.NoSuchDriverException: Unable to obtain: chromedriver, error chromedriver must exist: /Users/bytedance/CourseQAAutomation/Web Automation/chromedriver
      For documentation on this error, please visit: https://www.selenium.dev/documentation/webdriver/troubleshooting/errors/driver_location/
      Build info: version: '4.35.0', revision: '1c58e5028b'
      System info: os.name: 'Mac OS X', os.arch: 'aarch64', os.version: '15.6', java.version: '24.0.2'
      Driver info: driver.version: ChromeDriver
      	at org.openqa.selenium.remote.service.DriverFinder.getBinaryPaths(DriverFinder.java:124)
      	at org.openqa.selenium.remote.service.DriverFinder.getDriverPath(DriverFinder.java:55)
      	at org.openqa.selenium.chrome.ChromeDriver.generateExecutor(ChromeDriver.java:99)
      	at org.openqa.selenium.chrome.ChromeDriver.<init>(ChromeDriver.java:88)
      	at org.openqa.selenium.chrome.ChromeDriver.<init>(ChromeDriver.java:83)
      	at org.openqa.selenium.chrome.ChromeDriver.<init>(ChromeDriver.java:51)
      	at hook.Hooks.setUp(Hooks.java:38)
      Caused by: java.lang.IllegalStateException: chromedriver must exist: /Users/bytedance/CourseQAAutomation/Web Automation/chromedriver
      	at org.openqa.selenium.internal.Require$PathStateChecker.isExecutable(Require.java:370)
      	at org.openqa.selenium.remote.service.DriverFinder.getBinaryPaths(DriverFinder.java:121)
      	... 6 more&amp#27;[0m
  &amp#27;[36mWhen &amp#27;[0m&amp#27;[36mUser logged in with &amp#27;[0m&amp#27;[36m&amp#27;[1m"simanjuntakalbert57@gmail.com"&amp#27;[0m&amp#27;[36m and &amp#27;[0m&amp#27;[36m&amp#27;[1m"invalid1"&amp#27;[0m &amp#27;[90m# stepdefenitions.StepImpl.user_logged_in_with(java.lang.String,java.lang.String)&amp#27;[0m
  &amp#27;[36mThen &amp#27;[0m&amp#27;[36mUser should see an error message&amp#27;[0m                                   &amp#27;[90m# stepdefenitions.StepImpl.error_message()&amp#27;[0m
Ini setup after web automation
]]></system-out>
  </testcase>
  <testcase name="runScenario" classname="runner.TestRunnerLogin" time="0.009">
    <failure message="Unable to obtain: chromedriver, error chromedriver must exist: /Users/bytedance/CourseQAAutomation/Web Automation/chromedriver&#10;For documentation on this error, please visit: https://www.selenium.dev/documentation/webdriver/troubleshooting/errors/driver_location/&#10;Build info: version: &apos;4.35.0&apos;, revision: &apos;1c58e5028b&apos;&#10;System info: os.name: &apos;Mac OS X&apos;, os.arch: &apos;aarch64&apos;, os.version: &apos;15.6&apos;, java.version: &apos;24.0.2&apos;&#10;Driver info: driver.version: ChromeDriver" type="org.openqa.selenium.remote.NoSuchDriverException">org.openqa.selenium.remote.NoSuchDriverException: 
Unable to obtain: chromedriver, error chromedriver must exist: /Users/bytedance/CourseQAAutomation/Web Automation/chromedriver
For documentation on this error, please visit: https://www.selenium.dev/documentation/webdriver/troubleshooting/errors/driver_location/
Build info: version: '4.35.0', revision: '1c58e5028b'
System info: os.name: 'Mac OS X', os.arch: 'aarch64', os.version: '15.6', java.version: '24.0.2'
Driver info: driver.version: ChromeDriver
Caused by: java.lang.IllegalStateException: chromedriver must exist: /Users/bytedance/CourseQAAutomation/Web Automation/chromedriver
</failure>
    <system-out><![CDATA[
Scenario Outline: User can't login with invalid credentials      &amp#27;[90m# src/test/resources/features/CheckoutScenario.feature:25&amp#27;[0m
Ini setup web automation
      &amp#27;[31morg.openqa.selenium.remote.NoSuchDriverException: Unable to obtain: chromedriver, error chromedriver must exist: /Users/bytedance/CourseQAAutomation/Web Automation/chromedriver
      For documentation on this error, please visit: https://www.selenium.dev/documentation/webdriver/troubleshooting/errors/driver_location/
      Build info: version: '4.35.0', revision: '1c58e5028b'
      System info: os.name: 'Mac OS X', os.arch: 'aarch64', os.version: '15.6', java.version: '24.0.2'
      Driver info: driver.version: ChromeDriver
      	at org.openqa.selenium.remote.service.DriverFinder.getBinaryPaths(DriverFinder.java:124)
      	at org.openqa.selenium.remote.service.DriverFinder.getDriverPath(DriverFinder.java:55)
      	at org.openqa.selenium.chrome.ChromeDriver.generateExecutor(ChromeDriver.java:99)
      	at org.openqa.selenium.chrome.ChromeDriver.<init>(ChromeDriver.java:88)
      	at org.openqa.selenium.chrome.ChromeDriver.<init>(ChromeDriver.java:83)
      	at org.openqa.selenium.chrome.ChromeDriver.<init>(ChromeDriver.java:51)
      	at hook.Hooks.setUp(Hooks.java:38)
      Caused by: java.lang.IllegalStateException: chromedriver must exist: /Users/bytedance/CourseQAAutomation/Web Automation/chromedriver
      	at org.openqa.selenium.internal.Require$PathStateChecker.isExecutable(Require.java:370)
      	at org.openqa.selenium.remote.service.DriverFinder.getBinaryPaths(DriverFinder.java:121)
      	... 6 more&amp#27;[0m
  &amp#27;[36mWhen &amp#27;[0m&amp#27;[36mUser logged in with &amp#27;[0m&amp#27;[36m&amp#27;[1m"invalid_user2"&amp#27;[0m&amp#27;[36m and &amp#27;[0m&amp#27;[36m&amp#27;[1m"XBf@rWNvByn!#K8"&amp#27;[0m &amp#27;[90m# stepdefenitions.StepImpl.user_logged_in_with(java.lang.String,java.lang.String)&amp#27;[0m
  &amp#27;[36mThen &amp#27;[0m&amp#27;[36mUser should see an error message&amp#27;[0m                          &amp#27;[90m# stepdefenitions.StepImpl.error_message()&amp#27;[0m
Ini setup after web automation
]]></system-out>
  </testcase>
  <testcase name="runScenario" classname="runner.TestRunnerLogin" time="0.006">
    <failure message="Unable to obtain: chromedriver, error chromedriver must exist: /Users/bytedance/CourseQAAutomation/Web Automation/chromedriver&#10;For documentation on this error, please visit: https://www.selenium.dev/documentation/webdriver/troubleshooting/errors/driver_location/&#10;Build info: version: &apos;4.35.0&apos;, revision: &apos;1c58e5028b&apos;&#10;System info: os.name: &apos;Mac OS X&apos;, os.arch: &apos;aarch64&apos;, os.version: &apos;15.6&apos;, java.version: &apos;24.0.2&apos;&#10;Driver info: driver.version: ChromeDriver" type="org.openqa.selenium.remote.NoSuchDriverException">org.openqa.selenium.remote.NoSuchDriverException: 
Unable to obtain: chromedriver, error chromedriver must exist: /Users/bytedance/CourseQAAutomation/Web Automation/chromedriver
For documentation on this error, please visit: https://www.selenium.dev/documentation/webdriver/troubleshooting/errors/driver_location/
Build info: version: '4.35.0', revision: '1c58e5028b'
System info: os.name: 'Mac OS X', os.arch: 'aarch64', os.version: '15.6', java.version: '24.0.2'
Driver info: driver.version: ChromeDriver
Caused by: java.lang.IllegalStateException: chromedriver must exist: /Users/bytedance/CourseQAAutomation/Web Automation/chromedriver
</failure>
    <system-out><![CDATA[
Scenario Outline: User can't login with invalid credentials &amp#27;[90m# src/test/resources/features/CheckoutScenario.feature:26&amp#27;[0m
Ini setup web automation
      &amp#27;[31morg.openqa.selenium.remote.NoSuchDriverException: Unable to obtain: chromedriver, error chromedriver must exist: /Users/bytedance/CourseQAAutomation/Web Automation/chromedriver
      For documentation on this error, please visit: https://www.selenium.dev/documentation/webdriver/troubleshooting/errors/driver_location/
      Build info: version: '4.35.0', revision: '1c58e5028b'
      System info: os.name: 'Mac OS X', os.arch: 'aarch64', os.version: '15.6', java.version: '24.0.2'
      Driver info: driver.version: ChromeDriver
      	at org.openqa.selenium.remote.service.DriverFinder.getBinaryPaths(DriverFinder.java:124)
      	at org.openqa.selenium.remote.service.DriverFinder.getDriverPath(DriverFinder.java:55)
      	at org.openqa.selenium.chrome.ChromeDriver.generateExecutor(ChromeDriver.java:99)
      	at org.openqa.selenium.chrome.ChromeDriver.<init>(ChromeDriver.java:88)
      	at org.openqa.selenium.chrome.ChromeDriver.<init>(ChromeDriver.java:83)
      	at org.openqa.selenium.chrome.ChromeDriver.<init>(ChromeDriver.java:51)
      	at hook.Hooks.setUp(Hooks.java:38)
      Caused by: java.lang.IllegalStateException: chromedriver must exist: /Users/bytedance/CourseQAAutomation/Web Automation/chromedriver
      	at org.openqa.selenium.internal.Require$PathStateChecker.isExecutable(Require.java:370)
      	at org.openqa.selenium.remote.service.DriverFinder.getBinaryPaths(DriverFinder.java:121)
      	... 6 more&amp#27;[0m
  &amp#27;[36mWhen &amp#27;[0m&amp#27;[36mUser logged in with &amp#27;[0m&amp#27;[36m&amp#27;[1m"invalid_user3"&amp#27;[0m&amp#27;[36m and &amp#27;[0m&amp#27;[36m&amp#27;[1m"invalid3"&amp#27;[0m   &amp#27;[90m# stepdefenitions.StepImpl.user_logged_in_with(java.lang.String,java.lang.String)&amp#27;[0m
  &amp#27;[36mThen &amp#27;[0m&amp#27;[36mUser should see an error message&amp#27;[0m                     &amp#27;[90m# stepdefenitions.StepImpl.error_message()&amp#27;[0m
Ini setup after web automation
]]></system-out>
  </testcase>
  <testcase name="runScenario" classname="runner.TestRunnerLogin" time="0.014">
    <failure message="Unable to obtain: chromedriver, error chromedriver must exist: /Users/bytedance/CourseQAAutomation/Web Automation/chromedriver&#10;For documentation on this error, please visit: https://www.selenium.dev/documentation/webdriver/troubleshooting/errors/driver_location/&#10;Build info: version: &apos;4.35.0&apos;, revision: &apos;1c58e5028b&apos;&#10;System info: os.name: &apos;Mac OS X&apos;, os.arch: &apos;aarch64&apos;, os.version: &apos;15.6&apos;, java.version: &apos;24.0.2&apos;&#10;Driver info: driver.version: ChromeDriver" type="org.openqa.selenium.remote.NoSuchDriverException">org.openqa.selenium.remote.NoSuchDriverException: 
Unable to obtain: chromedriver, error chromedriver must exist: /Users/bytedance/CourseQAAutomation/Web Automation/chromedriver
For documentation on this error, please visit: https://www.selenium.dev/documentation/webdriver/troubleshooting/errors/driver_location/
Build info: version: '4.35.0', revision: '1c58e5028b'
System info: os.name: 'Mac OS X', os.arch: 'aarch64', os.version: '15.6', java.version: '24.0.2'
Driver info: driver.version: ChromeDriver
Caused by: java.lang.IllegalStateException: chromedriver must exist: /Users/bytedance/CourseQAAutomation/Web Automation/chromedriver
</failure>
    <system-out><![CDATA[
Scenario Outline: User can checkout product with some variant successfully       &amp#27;[90m# src/test/resources/features/CheckoutScenario.feature:42&amp#27;[0m
Ini setup web automation
      &amp#27;[31morg.openqa.selenium.remote.NoSuchDriverException: Unable to obtain: chromedriver, error chromedriver must exist: /Users/bytedance/CourseQAAutomation/Web Automation/chromedriver
      For documentation on this error, please visit: https://www.selenium.dev/documentation/webdriver/troubleshooting/errors/driver_location/
      Build info: version: '4.35.0', revision: '1c58e5028b'
      System info: os.name: 'Mac OS X', os.arch: 'aarch64', os.version: '15.6', java.version: '24.0.2'
      Driver info: driver.version: ChromeDriver
      	at org.openqa.selenium.remote.service.DriverFinder.getBinaryPaths(DriverFinder.java:124)
      	at org.openqa.selenium.remote.service.DriverFinder.getDriverPath(DriverFinder.java:55)
      	at org.openqa.selenium.chrome.ChromeDriver.generateExecutor(ChromeDriver.java:99)
      	at org.openqa.selenium.chrome.ChromeDriver.<init>(ChromeDriver.java:88)
      	at org.openqa.selenium.chrome.ChromeDriver.<init>(ChromeDriver.java:83)
      	at org.openqa.selenium.chrome.ChromeDriver.<init>(ChromeDriver.java:51)
      	at hook.Hooks.setUp(Hooks.java:38)
      Caused by: java.lang.IllegalStateException: chromedriver must exist: /Users/bytedance/CourseQAAutomation/Web Automation/chromedriver
      	at org.openqa.selenium.internal.Require$PathStateChecker.isExecutable(Require.java:370)
      	at org.openqa.selenium.remote.service.DriverFinder.getBinaryPaths(DriverFinder.java:121)
      	... 6 more&amp#27;[0m
  &amp#27;[36mWhen &amp#27;[0m&amp#27;[36mUser logged in with &amp#27;[0m&amp#27;[36m&amp#27;[1m"simanjuntakalbert57@gmail.com"&amp#27;[0m&amp#27;[36m and &amp#27;[0m&amp#27;[36m&amp#27;[1m"XBf@rWNvByn!#K8"&amp#27;[0m &amp#27;[90m# stepdefenitions.StepImpl.user_logged_in_with(java.lang.String,java.lang.String)&amp#27;[0m
  &amp#27;[36mThen &amp#27;[0m&amp#27;[36mUser is navigated to the products page&amp#27;[0m                                    &amp#27;[90m# stepdefenitions.StepImpl.user_is_navigated_to_the_products_page()&amp#27;[0m
  &amp#27;[36mWhen &amp#27;[0m&amp#27;[36mUser adds a product to the cart &amp#27;[0m&amp#27;[36m&amp#27;[1m"ZARA COAT 3"&amp#27;[0m                             &amp#27;[90m# stepdefenitions.StepImpl.user_adds_a_product_to_the_cart(java.lang.String)&amp#27;[0m
  &amp#27;[36mAnd &amp#27;[0m&amp#27;[36mUser clicks on the cart icon&amp#27;[0m                                               &amp#27;[90m# stepdefenitions.StepImpl.user_clicks_on_the_cart_icon()&amp#27;[0m
  &amp#27;[36mThen &amp#27;[0m&amp#27;[36mUser verify the product is added to the cart &amp#27;[0m&amp#27;[36m&amp#27;[1m"ZARA COAT 3"&amp#27;[0m                &amp#27;[90m# stepdefenitions.StepImpl.user_verify_the_product_is_added_to_the_cart(java.lang.String)&amp#27;[0m
  &amp#27;[36mWhen &amp#27;[0m&amp#27;[36mUser click on the checkout button&amp#27;[0m                                         &amp#27;[90m# stepdefenitions.StepImpl.user_click_on_the_checkout_button()&amp#27;[0m
  &amp#27;[36mThen &amp#27;[0m&amp#27;[36mUser is navigated to checkout page&amp#27;[0m                                        &amp#27;[90m# stepdefenitions.StepImpl.user_is_navigated_to_checkout_page()&amp#27;[0m
  &amp#27;[36mWhen &amp#27;[0m&amp#27;[36mUser fills in the shipping details&amp#27;[0m                                        &amp#27;[90m# stepdefenitions.StepImpl.user_fills_in_the_shipping_details()&amp#27;[0m
  &amp#27;[36mAnd &amp#27;[0m&amp#27;[36mUser click on the Place Order button&amp#27;[0m                                       &amp#27;[90m# stepdefenitions.StepImpl.user_click_on_the_place_order_button()&amp#27;[0m
  &amp#27;[36mThen &amp#27;[0m&amp#27;[36mUser verify the order is placed successfully&amp#27;[0m                              &amp#27;[90m# stepdefenitions.StepImpl.user_verify_the_order_is_placed_successfully()&amp#27;[0m
Ini setup after web automation
]]></system-out>
  </testcase>
  <testcase name="runScenario" classname="runner.TestRunnerOrder" time="0.009">
    <failure message="Unable to obtain: chromedriver, error chromedriver must exist: /Users/bytedance/CourseQAAutomation/Web Automation/chromedriver&#10;For documentation on this error, please visit: https://www.selenium.dev/documentation/webdriver/troubleshooting/errors/driver_location/&#10;Build info: version: &apos;4.35.0&apos;, revision: &apos;1c58e5028b&apos;&#10;System info: os.name: &apos;Mac OS X&apos;, os.arch: &apos;aarch64&apos;, os.version: &apos;15.6&apos;, java.version: &apos;24.0.2&apos;&#10;Driver info: driver.version: ChromeDriver" type="org.openqa.selenium.remote.NoSuchDriverException">org.openqa.selenium.remote.NoSuchDriverException: 
Unable to obtain: chromedriver, error chromedriver must exist: /Users/bytedance/CourseQAAutomation/Web Automation/chromedriver
For documentation on this error, please visit: https://www.selenium.dev/documentation/webdriver/troubleshooting/errors/driver_location/
Build info: version: '4.35.0', revision: '1c58e5028b'
System info: os.name: 'Mac OS X', os.arch: 'aarch64', os.version: '15.6', java.version: '24.0.2'
Driver info: driver.version: ChromeDriver
Caused by: java.lang.IllegalStateException: chromedriver must exist: /Users/bytedance/CourseQAAutomation/Web Automation/chromedriver
</failure>
    <system-out><![CDATA[
Scenario: User can checkout product successfully                      &amp#27;[90m# src/test/resources/features/CheckoutScenario.feature:6&amp#27;[0m
Ini setup web automation
      &amp#27;[31morg.openqa.selenium.remote.NoSuchDriverException: Unable to obtain: chromedriver, error chromedriver must exist: /Users/bytedance/CourseQAAutomation/Web Automation/chromedriver
      For documentation on this error, please visit: https://www.selenium.dev/documentation/webdriver/troubleshooting/errors/driver_location/
      Build info: version: '4.35.0', revision: '1c58e5028b'
      System info: os.name: 'Mac OS X', os.arch: 'aarch64', os.version: '15.6', java.version: '24.0.2'
      Driver info: driver.version: ChromeDriver
      	at org.openqa.selenium.remote.service.DriverFinder.getBinaryPaths(DriverFinder.java:124)
      	at org.openqa.selenium.remote.service.DriverFinder.getDriverPath(DriverFinder.java:55)
      	at org.openqa.selenium.chrome.ChromeDriver.generateExecutor(ChromeDriver.java:99)
      	at org.openqa.selenium.chrome.ChromeDriver.<init>(ChromeDriver.java:88)
      	at org.openqa.selenium.chrome.ChromeDriver.<init>(ChromeDriver.java:83)
      	at org.openqa.selenium.chrome.ChromeDriver.<init>(ChromeDriver.java:51)
      	at hook.Hooks.setUp(Hooks.java:38)
      Caused by: java.lang.IllegalStateException: chromedriver must exist: /Users/bytedance/CourseQAAutomation/Web Automation/chromedriver
      	at org.openqa.selenium.internal.Require$PathStateChecker.isExecutable(Require.java:370)
      	at org.openqa.selenium.remote.service.DriverFinder.getBinaryPaths(DriverFinder.java:121)
      	... 6 more&amp#27;[0m
  &amp#27;[36mWhen &amp#27;[0m&amp#27;[36mUser logged in with valid credentials&amp#27;[0m                          &amp#27;[90m# stepdefenitions.StepImpl.user_logged_in_with_valid_credentials()&amp#27;[0m
  &amp#27;[36mThen &amp#27;[0m&amp#27;[36mUser is navigated to the products page&amp#27;[0m                         &amp#27;[90m# stepdefenitions.StepImpl.user_is_navigated_to_the_products_page()&amp#27;[0m
  &amp#27;[36mWhen &amp#27;[0m&amp#27;[36mUser adds a product to the cart &amp#27;[0m&amp#27;[36m&amp#27;[1m"ADIDAS ORIGINAL"&amp#27;[0m              &amp#27;[90m# stepdefenitions.StepImpl.user_adds_a_product_to_the_cart(java.lang.String)&amp#27;[0m
  &amp#27;[36mAnd &amp#27;[0m&amp#27;[36mUser clicks on the cart icon&amp#27;[0m                                    &amp#27;[90m# stepdefenitions.StepImpl.user_clicks_on_the_cart_icon()&amp#27;[0m
  &amp#27;[36mThen &amp#27;[0m&amp#27;[36mUser verify the product is added to the cart &amp#27;[0m&amp#27;[36m&amp#27;[1m"ADIDAS ORIGINAL"&amp#27;[0m &amp#27;[90m# stepdefenitions.StepImpl.user_verify_the_product_is_added_to_the_cart(java.lang.String)&amp#27;[0m
  &amp#27;[36mWhen &amp#27;[0m&amp#27;[36mUser click on the checkout button&amp#27;[0m                              &amp#27;[90m# stepdefenitions.StepImpl.user_click_on_the_checkout_button()&amp#27;[0m
  &amp#27;[36mThen &amp#27;[0m&amp#27;[36mUser is navigated to checkout page&amp#27;[0m                             &amp#27;[90m# stepdefenitions.StepImpl.user_is_navigated_to_checkout_page()&amp#27;[0m
  &amp#27;[36mWhen &amp#27;[0m&amp#27;[36mUser fills in the shipping details&amp#27;[0m                             &amp#27;[90m# stepdefenitions.StepImpl.user_fills_in_the_shipping_details()&amp#27;[0m
  &amp#27;[36mAnd &amp#27;[0m&amp#27;[36mUser click on the Place Order button&amp#27;[0m                            &amp#27;[90m# stepdefenitions.StepImpl.user_click_on_the_place_order_button()&amp#27;[0m
  &amp#27;[36mThen &amp#27;[0m&amp#27;[36mUser verify the order is placed successfully&amp#27;[0m                   &amp#27;[90m# stepdefenitions.StepImpl.user_verify_the_order_is_placed_successfully()&amp#27;[0m
Ini setup after web automation
]]></system-out>
  </testcase>
  <testcase name="runScenario" classname="runner.TestRunnerOrder" time="0.006">
    <failure message="Unable to obtain: chromedriver, error chromedriver must exist: /Users/bytedance/CourseQAAutomation/Web Automation/chromedriver&#10;For documentation on this error, please visit: https://www.selenium.dev/documentation/webdriver/troubleshooting/errors/driver_location/&#10;Build info: version: &apos;4.35.0&apos;, revision: &apos;1c58e5028b&apos;&#10;System info: os.name: &apos;Mac OS X&apos;, os.arch: &apos;aarch64&apos;, os.version: &apos;15.6&apos;, java.version: &apos;24.0.2&apos;&#10;Driver info: driver.version: ChromeDriver" type="org.openqa.selenium.remote.NoSuchDriverException">org.openqa.selenium.remote.NoSuchDriverException: 
Unable to obtain: chromedriver, error chromedriver must exist: /Users/bytedance/CourseQAAutomation/Web Automation/chromedriver
For documentation on this error, please visit: https://www.selenium.dev/documentation/webdriver/troubleshooting/errors/driver_location/
Build info: version: '4.35.0', revision: '1c58e5028b'
System info: os.name: 'Mac OS X', os.arch: 'aarch64', os.version: '15.6', java.version: '24.0.2'
Driver info: driver.version: ChromeDriver
Caused by: java.lang.IllegalStateException: chromedriver must exist: /Users/bytedance/CourseQAAutomation/Web Automation/chromedriver
</failure>
    <system-out><![CDATA[
Scenario Outline: User can't login with invalid credentials               &amp#27;[90m# src/test/resources/features/CheckoutScenario.feature:24&amp#27;[0m
Ini setup web automation
      &amp#27;[31morg.openqa.selenium.remote.NoSuchDriverException: Unable to obtain: chromedriver, error chromedriver must exist: /Users/bytedance/CourseQAAutomation/Web Automation/chromedriver
      For documentation on this error, please visit: https://www.selenium.dev/documentation/webdriver/troubleshooting/errors/driver_location/
      Build info: version: '4.35.0', revision: '1c58e5028b'
      System info: os.name: 'Mac OS X', os.arch: 'aarch64', os.version: '15.6', java.version: '24.0.2'
      Driver info: driver.version: ChromeDriver
      	at org.openqa.selenium.remote.service.DriverFinder.getBinaryPaths(DriverFinder.java:124)
      	at org.openqa.selenium.remote.service.DriverFinder.getDriverPath(DriverFinder.java:55)
      	at org.openqa.selenium.chrome.ChromeDriver.generateExecutor(ChromeDriver.java:99)
      	at org.openqa.selenium.chrome.ChromeDriver.<init>(ChromeDriver.java:88)
      	at org.openqa.selenium.chrome.ChromeDriver.<init>(ChromeDriver.java:83)
      	at org.openqa.selenium.chrome.ChromeDriver.<init>(ChromeDriver.java:51)
      	at hook.Hooks.setUp(Hooks.java:38)
      Caused by: java.lang.IllegalStateException: chromedriver must exist: /Users/bytedance/CourseQAAutomation/Web Automation/chromedriver
      	at org.openqa.selenium.internal.Require$PathStateChecker.isExecutable(Require.java:370)
      	at org.openqa.selenium.remote.service.DriverFinder.getBinaryPaths(DriverFinder.java:121)
      	... 6 more&amp#27;[0m
  &amp#27;[36mWhen &amp#27;[0m&amp#27;[36mUser logged in with &amp#27;[0m&amp#27;[36m&amp#27;[1m"simanjuntakalbert57@gmail.com"&amp#27;[0m&amp#27;[36m and &amp#27;[0m&amp#27;[36m&amp#27;[1m"invalid1"&amp#27;[0m &amp#27;[90m# stepdefenitions.StepImpl.user_logged_in_with(java.lang.String,java.lang.String)&amp#27;[0m
  &amp#27;[36mThen &amp#27;[0m&amp#27;[36mUser should see an error message&amp#27;[0m                                   &amp#27;[90m# stepdefenitions.StepImpl.error_message()&amp#27;[0m
Ini setup after web automation
]]></system-out>
  </testcase>
  <testcase name="runScenario" classname="runner.TestRunnerOrder" time="0.005">
    <failure message="Unable to obtain: chromedriver, error chromedriver must exist: /Users/bytedance/CourseQAAutomation/Web Automation/chromedriver&#10;For documentation on this error, please visit: https://www.selenium.dev/documentation/webdriver/troubleshooting/errors/driver_location/&#10;Build info: version: &apos;4.35.0&apos;, revision: &apos;1c58e5028b&apos;&#10;System info: os.name: &apos;Mac OS X&apos;, os.arch: &apos;aarch64&apos;, os.version: &apos;15.6&apos;, java.version: &apos;24.0.2&apos;&#10;Driver info: driver.version: ChromeDriver" type="org.openqa.selenium.remote.NoSuchDriverException">org.openqa.selenium.remote.NoSuchDriverException: 
Unable to obtain: chromedriver, error chromedriver must exist: /Users/bytedance/CourseQAAutomation/Web Automation/chromedriver
For documentation on this error, please visit: https://www.selenium.dev/documentation/webdriver/troubleshooting/errors/driver_location/
Build info: version: '4.35.0', revision: '1c58e5028b'
System info: os.name: 'Mac OS X', os.arch: 'aarch64', os.version: '15.6', java.version: '24.0.2'
Driver info: driver.version: ChromeDriver
Caused by: java.lang.IllegalStateException: chromedriver must exist: /Users/bytedance/CourseQAAutomation/Web Automation/chromedriver
</failure>
    <system-out><![CDATA[
Scenario Outline: User can't login with invalid credentials      &amp#27;[90m# src/test/resources/features/CheckoutScenario.feature:25&amp#27;[0m
Ini setup web automation
      &amp#27;[31morg.openqa.selenium.remote.NoSuchDriverException: Unable to obtain: chromedriver, error chromedriver must exist: /Users/bytedance/CourseQAAutomation/Web Automation/chromedriver
      For documentation on this error, please visit: https://www.selenium.dev/documentation/webdriver/troubleshooting/errors/driver_location/
      Build info: version: '4.35.0', revision: '1c58e5028b'
      System info: os.name: 'Mac OS X', os.arch: 'aarch64', os.version: '15.6', java.version: '24.0.2'
      Driver info: driver.version: ChromeDriver
      	at org.openqa.selenium.remote.service.DriverFinder.getBinaryPaths(DriverFinder.java:124)
      	at org.openqa.selenium.remote.service.DriverFinder.getDriverPath(DriverFinder.java:55)
      	at org.openqa.selenium.chrome.ChromeDriver.generateExecutor(ChromeDriver.java:99)
      	at org.openqa.selenium.chrome.ChromeDriver.<init>(ChromeDriver.java:88)
      	at org.openqa.selenium.chrome.ChromeDriver.<init>(ChromeDriver.java:83)
      	at org.openqa.selenium.chrome.ChromeDriver.<init>(ChromeDriver.java:51)
      	at hook.Hooks.setUp(Hooks.java:38)
      Caused by: java.lang.IllegalStateException: chromedriver must exist: /Users/bytedance/CourseQAAutomation/Web Automation/chromedriver
      	at org.openqa.selenium.internal.Require$PathStateChecker.isExecutable(Require.java:370)
      	at org.openqa.selenium.remote.service.DriverFinder.getBinaryPaths(DriverFinder.java:121)
      	... 6 more&amp#27;[0m
  &amp#27;[36mWhen &amp#27;[0m&amp#27;[36mUser logged in with &amp#27;[0m&amp#27;[36m&amp#27;[1m"invalid_user2"&amp#27;[0m&amp#27;[36m and &amp#27;[0m&amp#27;[36m&amp#27;[1m"XBf@rWNvByn!#K8"&amp#27;[0m &amp#27;[90m# stepdefenitions.StepImpl.user_logged_in_with(java.lang.String,java.lang.String)&amp#27;[0m
  &amp#27;[36mThen &amp#27;[0m&amp#27;[36mUser should see an error message&amp#27;[0m                          &amp#27;[90m# stepdefenitions.StepImpl.error_message()&amp#27;[0m
Ini setup after web automation
]]></system-out>
  </testcase>
  <testcase name="runScenario" classname="runner.TestRunnerOrder" time="0.004">
    <failure message="Unable to obtain: chromedriver, error chromedriver must exist: /Users/bytedance/CourseQAAutomation/Web Automation/chromedriver&#10;For documentation on this error, please visit: https://www.selenium.dev/documentation/webdriver/troubleshooting/errors/driver_location/&#10;Build info: version: &apos;4.35.0&apos;, revision: &apos;1c58e5028b&apos;&#10;System info: os.name: &apos;Mac OS X&apos;, os.arch: &apos;aarch64&apos;, os.version: &apos;15.6&apos;, java.version: &apos;24.0.2&apos;&#10;Driver info: driver.version: ChromeDriver" type="org.openqa.selenium.remote.NoSuchDriverException">org.openqa.selenium.remote.NoSuchDriverException: 
Unable to obtain: chromedriver, error chromedriver must exist: /Users/bytedance/CourseQAAutomation/Web Automation/chromedriver
For documentation on this error, please visit: https://www.selenium.dev/documentation/webdriver/troubleshooting/errors/driver_location/
Build info: version: '4.35.0', revision: '1c58e5028b'
System info: os.name: 'Mac OS X', os.arch: 'aarch64', os.version: '15.6', java.version: '24.0.2'
Driver info: driver.version: ChromeDriver
Caused by: java.lang.IllegalStateException: chromedriver must exist: /Users/bytedance/CourseQAAutomation/Web Automation/chromedriver
</failure>
    <system-out><![CDATA[
Scenario Outline: User can't login with invalid credentials &amp#27;[90m# src/test/resources/features/CheckoutScenario.feature:26&amp#27;[0m
Ini setup web automation
      &amp#27;[31morg.openqa.selenium.remote.NoSuchDriverException: Unable to obtain: chromedriver, error chromedriver must exist: /Users/bytedance/CourseQAAutomation/Web Automation/chromedriver
      For documentation on this error, please visit: https://www.selenium.dev/documentation/webdriver/troubleshooting/errors/driver_location/
      Build info: version: '4.35.0', revision: '1c58e5028b'
      System info: os.name: 'Mac OS X', os.arch: 'aarch64', os.version: '15.6', java.version: '24.0.2'
      Driver info: driver.version: ChromeDriver
      	at org.openqa.selenium.remote.service.DriverFinder.getBinaryPaths(DriverFinder.java:124)
      	at org.openqa.selenium.remote.service.DriverFinder.getDriverPath(DriverFinder.java:55)
      	at org.openqa.selenium.chrome.ChromeDriver.generateExecutor(ChromeDriver.java:99)
      	at org.openqa.selenium.chrome.ChromeDriver.<init>(ChromeDriver.java:88)
      	at org.openqa.selenium.chrome.ChromeDriver.<init>(ChromeDriver.java:83)
      	at org.openqa.selenium.chrome.ChromeDriver.<init>(ChromeDriver.java:51)
      	at hook.Hooks.setUp(Hooks.java:38)
      Caused by: java.lang.IllegalStateException: chromedriver must exist: /Users/bytedance/CourseQAAutomation/Web Automation/chromedriver
      	at org.openqa.selenium.internal.Require$PathStateChecker.isExecutable(Require.java:370)
      	at org.openqa.selenium.remote.service.DriverFinder.getBinaryPaths(DriverFinder.java:121)
      	... 6 more&amp#27;[0m
  &amp#27;[36mWhen &amp#27;[0m&amp#27;[36mUser logged in with &amp#27;[0m&amp#27;[36m&amp#27;[1m"invalid_user3"&amp#27;[0m&amp#27;[36m and &amp#27;[0m&amp#27;[36m&amp#27;[1m"invalid3"&amp#27;[0m   &amp#27;[90m# stepdefenitions.StepImpl.user_logged_in_with(java.lang.String,java.lang.String)&amp#27;[0m
  &amp#27;[36mThen &amp#27;[0m&amp#27;[36mUser should see an error message&amp#27;[0m                     &amp#27;[90m# stepdefenitions.StepImpl.error_message()&amp#27;[0m
Ini setup after web automation
]]></system-out>
  </testcase>
  <testcase name="runScenario" classname="runner.TestRunnerOrder" time="0.006">
    <failure message="Unable to obtain: chromedriver, error chromedriver must exist: /Users/bytedance/CourseQAAutomation/Web Automation/chromedriver&#10;For documentation on this error, please visit: https://www.selenium.dev/documentation/webdriver/troubleshooting/errors/driver_location/&#10;Build info: version: &apos;4.35.0&apos;, revision: &apos;1c58e5028b&apos;&#10;System info: os.name: &apos;Mac OS X&apos;, os.arch: &apos;aarch64&apos;, os.version: &apos;15.6&apos;, java.version: &apos;24.0.2&apos;&#10;Driver info: driver.version: ChromeDriver" type="org.openqa.selenium.remote.NoSuchDriverException">org.openqa.selenium.remote.NoSuchDriverException: 
Unable to obtain: chromedriver, error chromedriver must exist: /Users/bytedance/CourseQAAutomation/Web Automation/chromedriver
For documentation on this error, please visit: https://www.selenium.dev/documentation/webdriver/troubleshooting/errors/driver_location/
Build info: version: '4.35.0', revision: '1c58e5028b'
System info: os.name: 'Mac OS X', os.arch: 'aarch64', os.version: '15.6', java.version: '24.0.2'
Driver info: driver.version: ChromeDriver
Caused by: java.lang.IllegalStateException: chromedriver must exist: /Users/bytedance/CourseQAAutomation/Web Automation/chromedriver
</failure>
    <system-out><![CDATA[
Scenario Outline: User can checkout product with some variant successfully       &amp#27;[90m# src/test/resources/features/CheckoutScenario.feature:42&amp#27;[0m
Ini setup web automation
      &amp#27;[31morg.openqa.selenium.remote.NoSuchDriverException: Unable to obtain: chromedriver, error chromedriver must exist: /Users/bytedance/CourseQAAutomation/Web Automation/chromedriver
      For documentation on this error, please visit: https://www.selenium.dev/documentation/webdriver/troubleshooting/errors/driver_location/
      Build info: version: '4.35.0', revision: '1c58e5028b'
      System info: os.name: 'Mac OS X', os.arch: 'aarch64', os.version: '15.6', java.version: '24.0.2'
      Driver info: driver.version: ChromeDriver
      	at org.openqa.selenium.remote.service.DriverFinder.getBinaryPaths(DriverFinder.java:124)
      	at org.openqa.selenium.remote.service.DriverFinder.getDriverPath(DriverFinder.java:55)
      	at org.openqa.selenium.chrome.ChromeDriver.generateExecutor(ChromeDriver.java:99)
      	at org.openqa.selenium.chrome.ChromeDriver.<init>(ChromeDriver.java:88)
      	at org.openqa.selenium.chrome.ChromeDriver.<init>(ChromeDriver.java:83)
      	at org.openqa.selenium.chrome.ChromeDriver.<init>(ChromeDriver.java:51)
      	at hook.Hooks.setUp(Hooks.java:38)
      Caused by: java.lang.IllegalStateException: chromedriver must exist: /Users/bytedance/CourseQAAutomation/Web Automation/chromedriver
      	at org.openqa.selenium.internal.Require$PathStateChecker.isExecutable(Require.java:370)
      	at org.openqa.selenium.remote.service.DriverFinder.getBinaryPaths(DriverFinder.java:121)
      	... 6 more&amp#27;[0m
  &amp#27;[36mWhen &amp#27;[0m&amp#27;[36mUser logged in with &amp#27;[0m&amp#27;[36m&amp#27;[1m"simanjuntakalbert57@gmail.com"&amp#27;[0m&amp#27;[36m and &amp#27;[0m&amp#27;[36m&amp#27;[1m"XBf@rWNvByn!#K8"&amp#27;[0m &amp#27;[90m# stepdefenitions.StepImpl.user_logged_in_with(java.lang.String,java.lang.String)&amp#27;[0m
  &amp#27;[36mThen &amp#27;[0m&amp#27;[36mUser is navigated to the products page&amp#27;[0m                                    &amp#27;[90m# stepdefenitions.StepImpl.user_is_navigated_to_the_products_page()&amp#27;[0m
  &amp#27;[36mWhen &amp#27;[0m&amp#27;[36mUser adds a product to the cart &amp#27;[0m&amp#27;[36m&amp#27;[1m"ZARA COAT 3"&amp#27;[0m                             &amp#27;[90m# stepdefenitions.StepImpl.user_adds_a_product_to_the_cart(java.lang.String)&amp#27;[0m
  &amp#27;[36mAnd &amp#27;[0m&amp#27;[36mUser clicks on the cart icon&amp#27;[0m                                               &amp#27;[90m# stepdefenitions.StepImpl.user_clicks_on_the_cart_icon()&amp#27;[0m
  &amp#27;[36mThen &amp#27;[0m&amp#27;[36mUser verify the product is added to the cart &amp#27;[0m&amp#27;[36m&amp#27;[1m"ZARA COAT 3"&amp#27;[0m                &amp#27;[90m# stepdefenitions.StepImpl.user_verify_the_product_is_added_to_the_cart(java.lang.String)&amp#27;[0m
  &amp#27;[36mWhen &amp#27;[0m&amp#27;[36mUser click on the checkout button&amp#27;[0m                                         &amp#27;[90m# stepdefenitions.StepImpl.user_click_on_the_checkout_button()&amp#27;[0m
  &amp#27;[36mThen &amp#27;[0m&amp#27;[36mUser is navigated to checkout page&amp#27;[0m                                        &amp#27;[90m# stepdefenitions.StepImpl.user_is_navigated_to_checkout_page()&amp#27;[0m
  &amp#27;[36mWhen &amp#27;[0m&amp#27;[36mUser fills in the shipping details&amp#27;[0m                                        &amp#27;[90m# stepdefenitions.StepImpl.user_fills_in_the_shipping_details()&amp#27;[0m
  &amp#27;[36mAnd &amp#27;[0m&amp#27;[36mUser click on the Place Order button&amp#27;[0m                                       &amp#27;[90m# stepdefenitions.StepImpl.user_click_on_the_place_order_button()&amp#27;[0m
  &amp#27;[36mThen &amp#27;[0m&amp#27;[36mUser verify the order is placed successfully&amp#27;[0m                              &amp#27;[90m# stepdefenitions.StepImpl.user_verify_the_order_is_placed_successfully()&amp#27;[0m
Ini setup after web automation
]]></system-out>
  </testcase>
</testsuite>